<?xml version="1.0" encoding="UTF-8"?>
<testng-results skipped="0" failed="0" ignored="0" total="2" passed="2">
  <reporter-output>
  </reporter-output>
  <suite name="Default suite" duration-ms="88" started-at="2019-04-11T21:41:14Z" finished-at="2019-04-11T21:41:14Z">
    <groups>
    </groups>
    <test name="Default test" duration-ms="88" started-at="2019-04-11T21:41:14Z" finished-at="2019-04-11T21:41:14Z">
      <class name="testNG.BasicAnnotationsinTestNG">
        <test-method status="PASS" signature="test1()[pri:0, instance:testNG.BasicAnnotationsinTestNG@6f7fd0e6]" name="test1" is-config="true" duration-ms="15" started-at="2019-04-11T21:41:14Z" finished-at="2019-04-11T21:41:14Z">
          <reporter-output>
          </reporter-output>
        </test-method> <!-- test1 -->
        <test-method status="PASS" signature="test2()[pri:0, instance:testNG.BasicAnnotationsinTestNG@6f7fd0e6]" name="test2" is-config="true" duration-ms="0" started-at="2019-04-11T21:41:14Z" finished-at="2019-04-11T21:41:14Z">
          <reporter-output>
          </reporter-output>
        </test-method> <!-- test2 -->
        <test-method status="PASS" signature="test3()[pri:0, instance:testNG.BasicAnnotationsinTestNG@6f7fd0e6]" name="test3" is-config="true" duration-ms="1" started-at="2019-04-11T21:41:14Z" finished-at="2019-04-11T21:41:14Z">
          <reporter-output>
          </reporter-output>
        </test-method> <!-- test3 -->
        <test-method status="PASS" signature="test4()[pri:0, instance:testNG.BasicAnnotationsinTestNG@6f7fd0e6]" name="test4" duration-ms="9" started-at="2019-04-11T21:41:14Z" finished-at="2019-04-11T21:41:14Z">
          <reporter-output>
          </reporter-output>
        </test-method> <!-- test4 -->
        <test-method status="PASS" signature="test8()[pri:0, instance:testNG.BasicAnnotationsinTestNG@6f7fd0e6]" name="test8" is-config="true" duration-ms="14" started-at="2019-04-11T21:41:14Z" finished-at="2019-04-11T21:41:14Z">
          <reporter-output>
          </reporter-output>
        </test-method> <!-- test8 -->
        <test-method status="PASS" signature="test5()[pri:0, instance:testNG.BasicAnnotationsinTestNG@6f7fd0e6]" name="test5" duration-ms="6" started-at="2019-04-11T21:41:14Z" finished-at="2019-04-11T21:41:14Z">
          <reporter-output>
          </reporter-output>
        </test-method> <!-- test5 -->
        <test-method status="PASS" signature="test3()[pri:0, instance:testNG.BasicAnnotationsinTestNG@6f7fd0e6]" name="test3" is-config="true" duration-ms="0" started-at="2019-04-11T21:41:14Z" finished-at="2019-04-11T21:41:14Z">
          <reporter-output>
          </reporter-output>
        </test-method> <!-- test3 -->
        <test-method status="PASS" signature="test7()[pri:0, instance:testNG.BasicAnnotationsinTestNG@6f7fd0e6]" name="test7" is-config="true" duration-ms="1" started-at="2019-04-11T21:41:14Z" finished-at="2019-04-11T21:41:14Z">
          <reporter-output>
          </reporter-output>
        </test-method> <!-- test7 -->
        <test-method status="PASS" signature="test8()[pri:0, instance:testNG.BasicAnnotationsinTestNG@6f7fd0e6]" name="test8" is-config="true" duration-ms="0" started-at="2019-04-11T21:41:14Z" finished-at="2019-04-11T21:41:14Z">
          <reporter-output>
          </reporter-output>
        </test-method> <!-- test8 -->
        <test-method status="PASS" signature="test6()[pri:0, instance:testNG.BasicAnnotationsinTestNG@6f7fd0e6]" name="test6" is-config="true" duration-ms="0" started-at="2019-04-11T21:41:14Z" finished-at="2019-04-11T21:41:14Z">
          <reporter-output>
          </reporter-output>
        </test-method> <!-- test6 -->
      </class> <!-- testNG.BasicAnnotationsinTestNG -->
    </test> <!-- Default test -->
  </suite> <!-- Default suite -->
</testng-results>
